make all --print-data-base --no-builtin-variables --no-builtin-rules --question
# GNU Make 3.81
# Copyright (C) 2006  Free Software Foundation, Inc.
# This is free software; see the source for copying conditions.
# There is NO warranty; not even for MERCHANTABILITY or FITNESS FOR A
# PARTICULAR PURPOSE.

# This program built for i386-apple-darwin11.3.0
 
make: *** No rule to make target `all'.  Stop.


# Make data base, printed on Thu Jul 21 19:32:28 2022

# Variables

# makefile (from `Makefile', line 101)
GO_PBS = $(GO_PBS_WITH_SUFFIX:api/services/%=api/services/%)
# automatic
<D = $(patsubst %/,%,$(dir $<))
# automatic
?F = $(notdir $?)
# makefile (from `Makefile', line 97)
 
LD_FLAGS := -X git.cafebazaar.ir/divar/divar-cloud-sand-boxing/pkg/info.Version=b1a6ed233f7a9a2ad993010d69143eef2eecd721 -X git.cafebazaar.ir/divar/divar-cloud-sand-boxing/pkg/info.Commit=b1a6ed233f7a9a2ad993010d69143eef2eecd721 -X git.cafebazaar.ir/divar/divar-cloud-sand-boxing/pkg/info.BuildTime=2022-07-21_19:32:28_+0200
# automatic
?D = $(patsubst %/,%,$(dir $?))
# automatic
@D = $(patsubst %/,%,$(dir $@))
# automatic
@F = $(notdir $@)
# makefile
CURDIR := /Users/m.vatandoostsilab/tutorial/ServerDrivenUI/Mine/Backend
# makefile
SHELL = /bin/sh
# environment
VSCODE_NLS_CONFIG = {"locale":"en-gb","availableLanguages":{},"_languagePackSupport":true}
# environment
_ = /usr/bin/make
# makefile (from `Makefile', line 1)
MAKEFILE_LIST :=  Makefile
# environment
VSCODE_AMD_ENTRYPOINT = vs/workbench/api/node/extensionHostProcess
# makefile (from `Makefile', line 95)
VERSION = $(strip $(if $(CI_COMMIT_TAG),$(CI_COMMIT_TAG),$(shell $(GIT) describe --tag 2> /dev/null || echo "$(COMMIT)")))
# makefile (from `Makefile', line 88)
PROTOC_OPTIONS = -I.
# environment
__CFBundleIdentifier = com.microsoft.VSCode
# environment
INFOPATH = /opt/homebrew/share/info:
# environment
VSCODE_CWD = /
# makefile (from `Makefile', line 89)
LINTER_VERSION = v1.39.0
# environment
GOPROXY = https://proxy.golang.org,direct
# makefile (from `Makefile', line 87)
PROTOC = protoc
# environment
PATH = /opt/homebrew/opt/libpq/bin:/opt/homebrew/bin:/opt/homebrew/sbin:/usr/local/bin:/usr/bin:/bin:/usr/sbin:/sbin:/usr/local/go/bin:/Library/Apple/usr/bin
# makefile (from `Makefile', line 85)
ROOT := git.cafebazaar.ir/divar/divar-cloud-sand-boxing
# environment
GOPATH = /Users/m.vatandoostsilab/go
# environment
ELECTRON_RUN_AS_NODE = 1
# makefile (from `Makefile', line 93)
COMMIT := b1a6ed233f7a9a2ad993010d69143eef2eecd721
# default
.FEATURES := target-specific order-only second-expansion else-if archives jobserver check-symlink
# environment
SSH_AUTH_SOCK = /private/tmp/com.apple.launchd.XnWYBLd3rJ/Listeners
# automatic
%F = $(notdir $%)
# environment
PWD = /Users/m.vatandoostsilab/tutorial/ServerDrivenUI/Mine/Backend
# makefile (from `Makefile', line 100)
GO_PBS_WITH_SUFFIX := 
# environment
HOMEBREW_CELLAR = /opt/homebrew/Cellar
# makefile (from `Makefile', line 92)
GIT = git
# environment
PKG_CONFIG_PATH = /opt/homebrew/opt/openssl@3/lib/pkgconfig
# environment
ORIGINAL_XDG_CURRENT_DESKTOP = undefined
# environment
MANPATH = /opt/homebrew/share/man::
# environment
GOMODCACHE = /Users/m.vatandoostsilab/go/pkg/mod
# environment
HOME = /Users/m.vatandoostsilab
# default
MAKEFILEPATH = $(shell /usr/bin/xcode-select -print-path 2>/dev/null || echo /Developer)/Makefiles
# environment
VSCODE_CODE_CACHE_PATH = /Users/m.vatandoostsilab/Library/Application Support/Code/CachedData/3b889b090b5ad5793f524b5d1d39fda662b96a2a
# environment
LOGNAME = m.vatandoostsilab
# environment
APPLICATION_INSIGHTS_NO_DIAGNOSTIC_CHANNEL = true
# environment
VSCODE_HANDLES_UNCAUGHT_ERRORS = true
# automatic
^D = $(patsubst %/,%,$(dir $^))
# environment
XPC_FLAGS = 0x0
# default
MAKE = $(MAKE_COMMAND)
# default
MAKECMDGOALS := all
# makefile (from `Makefile', line 3)
SRCS = $(patsubst ./%,%,$(shell find . -name "*.go" -not -path "*vendor*" -not -path "*.pb.go"))
# environment
SHLVL = 1
# default
MAKE_VERSION := 3.81
# environment
USER = m.vatandoostsilab
# makefile
.DEFAULT_GOAL := help
# automatic
%D = $(patsubst %/,%,$(dir $%))
# default
MAKE_COMMAND := /Library/Developer/CommandLineTools/usr/bin/make
# default
.VARIABLES := 
# environment
TMPDIR = /var/folders/xw/w11stqdx3hq6rbb4rwnkjg6h0000gr/T/
# automatic
*F = $(notdir $*)
# environment
VSCODE_IPC_HOOK = /Users/m.vatandoostsilab/Library/Application Support/Code/1.69.2-main.sock
# environment
MallocNanoZone = 0
# makefile (from `Makefile', line 96)
BUILD_TIME := 2022-07-21_19:32:28_+0200
# makefile
MAKEFLAGS = Rrqp
# environment
MFLAGS = -Rrqp
# automatic
*D = $(patsubst %/,%,$(dir $*))
# makefile (from `Makefile', line 94)
CI_COMMIT_TAG = 
# environment
XPC_SERVICE_NAME = application.com.microsoft.VSCode.5400531.5400537
# automatic
+D = $(patsubst %/,%,$(dir $+))
# automatic
+F = $(notdir $+)
# environment
HOMEBREW_REPOSITORY = /opt/homebrew
# environment
__CF_USER_TEXT_ENCODING = 0x1F8:0x0:0x0
# environment
COMMAND_MODE = unix2003
# default
MAKEFILES := 
# automatic
<F = $(notdir $<)
# environment
GOPRIVATE = github.com/shellagilehub/*,
# makefile (from `Makefile', line 91)
GoAdmin_VERSION = v1.39.0
# environment
LC_ALL = C
# makefile (from `Makefile', line 90)
SQLC_VERSION := 1.10.0
# automatic
^F = $(notdir $^)
# default
SUFFIXES := 
# makefile (from `Makefile', line 4)
PBS = $(patsubst %.proto,%.pb.go,$(patsubst api%,pkg%,$(PROTOS)))
# makefile (from `Makefile', line 102)
GO_PB_GWS = $(GO_PBS:%.pb.go=%.pb.gw.go)
# default
.INCLUDE_DIRS = /usr/local/include
# environment
MAKELEVEL := 0
# environment
LANG = C
# environment
VSCODE_PID = 16723
# variable set hash-table stats:
# Load=84/1024=8%, Rehash=0, Collisions=14/143=10%

# Pattern-specific Variable Values

# No pattern-specific variable values.

# Directories

# . (device 16777232, inode 4269373): 14 files, no impossibilities.

# 14 files, no impossibilities in 1 directories.

# Implicit Rules

# No implicit rules.

# Files

# Not a target:
pkg/info/version.go:
#  Implicit rule search has not been done.
#  Modification time never checked.
#  File has not been updated.

# Not a target:
internal/core/rest/server.go:
#  Implicit rule search has not been done.
#  Modification time never checked.
#  File has not been updated.

coverage.cover: cmd/serve.go cmd/main.go cmd/root.go internal/core/rest/config.go internal/core/rest/server.go internal/core/rest/utils.go internal/core/rest/routes.go internal/core/rest/demo.go internal/config/config.go api/pages/page.go pkg/context/context.go pkg/logger/logging.go pkg/info/version.go Makefile | generate
#  Implicit rule search has not been done.
#  Modification time never checked.
#  File has not been updated.
#  commands to execute (from `Makefile', line 62):
	-rm -rfv .coverage
	mkdir -p .coverage
	$(foreach pkg,$(PACKAGES),go test -timeout 30s -short -covermode=count -coverprofile=.coverage/$(subst /,-,$(pkg)).cover $(pkg)${\n})
	echo "mode: count" > $@
	grep -h -v "^mode:" .coverage/*.cover >> $@
	

.remove_empty_dirs:
#  Phony target (prerequisite of .PHONY).
#  Implicit rule search has not been done.
#  File does not exist.
#  File has not been updated.
#  commands to execute (from `Makefile', line 13):
	-find . -type d -print | xargs rmdir 2>/dev/null | true
	

# Not a target:
all:
#  Command-line target.
#  Implicit rule search has been done.
#  File does not exist.
#  File has not been updated.
# variable set hash-table stats:
# Load=0/32=0%, Rehash=0, Collisions=0/0=0%

dependencies: | .pre-check-go .bin/golangci-lint
#  Phony target (prerequisite of .PHONY).
#  Implicit rule search has not been done.
#  File does not exist.
#  File has not been updated.
#  commands to execute (from `Makefile', line 16):
	$(GO) mod download
	

service: cmd/serve.go cmd/main.go cmd/root.go internal/core/rest/config.go internal/core/rest/server.go internal/core/rest/utils.go internal/core/rest/routes.go internal/core/rest/demo.go internal/config/config.go api/pages/page.go pkg/context/context.go pkg/logger/logging.go pkg/info/version.go
#  Phony target (prerequisite of .PHONY).
#  Implicit rule search has not been done.
#  File does not exist.
#  File has not been updated.
#  commands to execute (from `Makefile', line 23):
	go build -o $@ -ldflags="$(LD_FLAGS)" ./cmd
	

.PHONY: help generate test lint fmt dependencies clean check coverage service race .remove_empty_dirs .pre-check-go
#  Implicit rule search has not been done.
#  Modification time never checked.
#  File has not been updated.

.bin/golangci-lint:
#  Implicit rule search has not been done.
#  Modification time never checked.
#  File has not been updated.
#  commands to execute (from `Makefile', line 32):
 
	if [ -z "$$(which golangci-lint)" ]; then curl -sfL https://install.goreleaser.com/github.com/golangci/golangci-lint.sh | sh -s -- -b .bin/ $(LINTER_VERSION); else mkdir -p .bin; ln -s "$$(which golangci-lint)" $@; fi
	

race: | generate
#  Phony target (prerequisite of .PHONY).
#  Implicit rule search has not been done.
#  File does not exist.
#  File has not been updated.
#  commands to execute (from `Makefile', line 53):
	go test -timeout 30s -race ./...
	

coverage.html: coverage.cover
#  Implicit rule search has not been done.
#  Modification time never checked.
#  File has not been updated.
#  commands to execute (from `Makefile', line 59):
	go tool cover -html=$< -o $@
	

db_service:
#  Implicit rule search has not been done.
#  Modification time never checked.
#  File has not been updated.

# Not a target:
.SUFFIXES:
#  Implicit rule search has not been done.
#  Modification time never checked.
#  File has not been updated.

# Not a target:
cmd/main.go:
#  Implicit rule search has not been done.
#  Modification time never checked.
#  File has not been updated.

# Not a target:
Makefile:
#  Implicit rule search has been done.
#  Last modified 2022-07-12 14:34:30
#  File has been updated.
#  Successfully updated.
# variable set hash-table stats:
# Load=0/32=0%, Rehash=0, Collisions=0/0=0%

test: | generate
#  Phony target (prerequisite of .PHONY).
#  Implicit rule search has not been done.
#  File does not exist.
#  File has not been updated.
#  commands to execute (from `Makefile', line 26):
	go test ./...
	

# Not a target:
internal/core/rest/demo.go:
#  Implicit rule search has not been done.
#  Modification time never checked.
#  File has not been updated.

# Not a target:
internal/core/rest/routes.go:
#  Implicit rule search has not been done.
#  Modification time never checked.
#  File has not been updated.

collect_migrations:
#  Implicit rule search has not been done.
#  Modification time never checked.
#  File has not been updated.
#  commands to execute (from `Makefile', line 38):
	-mkdir -p internal/database/migrations
	$(foreach dir,$(SQL_FOLDERS), \
	cp -a $(dir)/migrations/. internal/database/migrations; \
	)
	

help:
#  Phony target (prerequisite of .PHONY).
#  Implicit rule search has not been done.
#  File does not exist.
#  File has not been updated.
#  commands to execute (from `Makefile', line 8):
	@grep -h -E '^[a-zA-Z_-]+:.*?## .*$$' $(MAKEFILE_LIST) | awk 'BEGIN {FS = ":.*?## "}; {printf "\033[36m%-30s\033[0m %s\n", $$1, $$2}'
	

# Not a target:
cmd/root.go:
#  Implicit rule search has not been done.
#  Modification time never checked.
#  File has not been updated.

generate:
#  Phony target (prerequisite of .PHONY).
#  Implicit rule search has not been done.
#  File does not exist.
#  File has not been updated.

.SECONDEXPANSION:
#  Implicit rule search has not been done.
#  Modification time never checked.
#  File has not been updated.

# Not a target:
internal/config/config.go:
#  Implicit rule search has not been done.
#  Modification time never checked.
#  File has not been updated.

# Not a target:
.DEFAULT:
#  Implicit rule search has not been done.
#  Modification time never checked.
#  File has not been updated.

# Not a target:
pkg/logger/logging.go:
#  Implicit rule search has not been done.
#  Modification time never checked.
#  File has not been updated.

get_list_files: | .remove_empty_dirs
#  Implicit rule search has not been done.
#  Modification time never checked.
#  File has not been updated.

# Not a target:
internal/core/rest/utils.go:
#  Implicit rule search has not been done.
#  Modification time never checked.
#  File has not been updated.

clean:
#  Phony target (prerequisite of .PHONY).
#  Implicit rule search has not been done.
#  File does not exist.
#  File has not been updated.
#  commands to execute (from `Makefile', line 19):
	-rm -rf service
	-find . -type d -name mocks -exec rm -rf \{} +
	

coverage: coverage.cover coverage.html
#  Phony target (prerequisite of .PHONY).
#  Implicit rule search has not been done.
#  File does not exist.
#  File has not been updated.
#  commands to execute (from `Makefile', line 56):
	gocov convert $< | gocov report
	

.bin/sqlc:
#  Implicit rule search has not been done.
#  Modification time never checked.
#  File has not been updated.
#  commands to execute (from `Makefile', line 35):
	if [ -z "$(wildcard .bin/sqlc)" ]; then mkdir -p .bin; cd .bin; curl -sfL https://github.com/kyleconroy/sqlc/releases/download/v1.11.0/sqlc_1.11.0_linux_amd64.tar.gz --output sqlc.tar.gz; tar -xf sqlc.tar.gz; fi
	

# Not a target:
cmd/serve.go:
#  Implicit rule search has not been done.
#  Modification time never checked.
#  File has not been updated.

fmt:
#  Phony target (prerequisite of .PHONY).
#  Implicit rule search has not been done.
#  File does not exist.
#  File has not been updated.
#  commands to execute (from `Makefile', line 47):
	gofmt -s -w $(SRCS)
	

lint: .bin/golangci-lint
#  Phony target (prerequisite of .PHONY).
#  Implicit rule search has not been done.
#  File does not exist.
#  File has not been updated.
#  commands to execute (from `Makefile', line 29):
	.bin/golangci-lint run --config=.golangci-lint.yml --skip-files tables.go --skip-files dashboard.go --skip-files experiment_list --fix ./...
	

# Not a target:
internal/core/rest/config.go:
#  Implicit rule search has not been done.
#  Modification time never checked.
#  File has not been updated.

check: | generate
#  Phony target (prerequisite of .PHONY).
#  Implicit rule search has not been done.
#  File does not exist.
#  File has not been updated.
#  commands to execute (from `Makefile', line 50):
	go test ./...
	

# Not a target:
pkg/context/context.go:
#  Implicit rule search has not been done.
#  Modification time never checked.
#  File has not been updated.

.pre-check-go:
#  Phony target (prerequisite of .PHONY).
#  Implicit rule search has not been done.
#  File does not exist.
#  File has not been updated.
#  commands to execute (from `Makefile', line 82):
	if [ -z "$$(which mockery)" ]; then go get -v github.com/vektra/mockery/v2/.../; fi
	

# Not a target:
api/pages/page.go:
#  Implicit rule search has not been done.
#  Modification time never checked.
#  File has not been updated.

# files hash-table stats:
# Load=39/1024=4%, Rehash=0, Collisions=4/104=4%
# VPATH Search Paths

# No `vpath' search paths.

# No general (`VPATH' variable) search path.

# # of strings in strcache: 1
# # of strcache buffers: 1
# strcache size: total = 4096 / max = 4096 / min = 4096 / avg = 4096
# strcache free: total = 4087 / max = 4087 / min = 4087 / avg = 4087

# Finished Make data base on Thu Jul 21 19:32:28 2022

 
